20250902	22:00:19	a8fffe84-e0a8-455e-a0ff-8cc7b01eec96	OPTIONS	/auth	http://localhost:3000
20250902	22:00:19	ba4a1f4c-382c-47f9-9a2a-9b332c4d081b	POST	/auth	http://localhost:3000
20250902	22:00:20	f6066b4f-5898-46b5-88dc-6ff6379ba9ca	OPTIONS	/notes	http://localhost:3000
20250902	22:00:20	34207b69-5576-44cc-a3c7-8774a5b79b9c	OPTIONS	/users	http://localhost:3000
20250902	22:00:20	ad71996b-78c2-4d08-be89-ad3b341b74c7	GET	/notes	http://localhost:3000
20250902	22:00:20	70eb785a-8984-43f8-9d24-309b1dcce9e6	GET	/users	http://localhost:3000
20250902	22:00:29	cb718485-9b4d-4c94-90e0-af5058633680	OPTIONS	/auth/logout	http://localhost:3000
20250902	22:00:29	1ee2666a-bcf9-4443-a158-c1e4b1415735	POST	/auth/logout	http://localhost:3000
20250902	22:00:46	aa10290e-5f25-444a-8603-449a1fb8fa15	OPTIONS	/auth	http://localhost:3000
20250902	22:00:46	1d645a3e-a263-4531-a1f1-fcac76653854	POST	/auth	http://localhost:3000
20250902	22:00:46	b3f1572b-ddaf-4b89-97fd-7b526c9f2aae	OPTIONS	/notes	http://localhost:3000
20250902	22:00:46	ad4447d6-0d57-4fca-b240-b4549ac1a0a5	GET	/notes	http://localhost:3000
20250902	22:00:46	ca2e8b68-3775-4578-a23e-b989fed21bc6	OPTIONS	/users	http://localhost:3000
20250902	22:00:46	928ef4cd-8b20-4dff-99dc-73e6648271ad	GET	/users	http://localhost:3000
20250902	22:00:56	58ba90aa-64a5-45c8-bf1b-be62ad3fe534	OPTIONS	/users	http://localhost:3000
20250902	22:00:56	03c0034e-29a1-44e9-a05a-625808e30e96	GET	/users	http://localhost:3000
20250902	22:01:07	31b45432-6525-4c0c-9429-a5598c416981	OPTIONS	/users	http://localhost:3000
20250902	22:01:07	6b6948f1-4b6a-40d9-8490-02908479662d	GET	/users	http://localhost:3000
20250902	22:01:13	e2d413ab-9ade-4f39-8e14-9440c3d9971d	OPTIONS	/notes	http://localhost:3000
20250902	22:01:13	6a0eee8b-6a2b-4d0c-b4de-1d4c100bfb7a	GET	/notes	http://localhost:3000
20250902	22:01:23	4c359bc1-d744-4b65-a07b-370cfe5976f4	OPTIONS	/notes	http://localhost:3000
20250902	22:01:23	ceff0b41-ad4d-4db3-aa31-92def63162ee	PATCH	/notes	http://localhost:3000
20250902	22:01:23	eda0eec0-af72-4c9c-89c0-0bba82445d3c	GET	/notes	http://localhost:3000
20250902	22:01:32	dc1d0ac3-f876-40de-82e7-d54297d6901c	OPTIONS	/auth/logout	http://localhost:3000
20250902	22:01:32	5e8620c1-0f9d-4c4f-9ed5-b3092a92ee0f	POST	/auth/logout	http://localhost:3000
